<?xml version="1.0" encoding="UTF-8"?>
<!-- Generated by org.testng.reporters.JUnitXMLReporter -->
<testsuite ignored="0" hostname="DESKTOP-NVEN0KO" failures="1" tests="1" name="Chrome Test" time="12.313" errors="0" timestamp="2025-04-22T08:20:46 IST">
  <testcase classname="testCase.LoginPageTest" name="verifyDashboardTextwhileLoginwithValidCredentials" time="0.147">
    <failure type="java.io.FileNotFoundException" message="C:\Users\Acer\eclipse-workspace-v2\GroceryApplication\src\test\resources\excel\login(1).xlsx (The system cannot find the file specified)">
      <![CDATA[java.io.FileNotFoundException: C:\Users\Acer\eclipse-workspace-v2\GroceryApplication\src\test\resources\excel\login(1).xlsx (The system cannot find the file specified)
at java.base/java.io.FileInputStream.open0(Native Method)
at java.base/java.io.FileInputStream.open(FileInputStream.java:213)
at java.base/java.io.FileInputStream.<init>(FileInputStream.java:152)
at java.base/java.io.FileInputStream.<init>(FileInputStream.java:106)
at utilities.ExcelUtility.readDataFromExcelLoginCredentials(ExcelUtility.java:23)
at testCase.BaseClass.groceryData(BaseClass.java:23)
at testCase.LoginPageTest.verifyDashboardTextwhileLoginwithValidCredentials(LoginPageTest.java:22)
at java.base/java.util.ArrayList.forEach(ArrayList.java:1596)
... Removed 25 stack frames]]>
    </failure>
  </testcase> <!-- verifyDashboardTextwhileLoginwithValidCredentials -->
</testsuite> <!-- Chrome Test -->
