<?xml version="1.0" encoding="UTF-8"?>
<testng-results ignored="0" total="1" passed="1" failed="0" skipped="0">
  <reporter-output>
  </reporter-output>
  <suite started-at="2025-08-07T18:14:32 IST" name="GroceryApplication" finished-at="2025-08-07T18:14:39 IST" duration-ms="6516">
    <groups>
    </groups>
    <test started-at="2025-08-07T18:14:32 IST" name="ChromeTest" finished-at="2025-08-07T18:14:39 IST" duration-ms="6516">
      <class name="testCase.Sample">
        <test-method signature="f(java.lang.String)[pri:0, instance:testCase.Sample@14cd1699]" started-at="2025-08-07T18:14:33 IST" name="f" finished-at="2025-08-07T18:14:39 IST" duration-ms="5921" status="PASS">
          <params>
            <param index="0">
              <value>
                <![CDATA[chrome]]>
              </value>
            </param>
          </params>
          <reporter-output>
          </reporter-output>
        </test-method> <!-- f -->
      </class> <!-- testCase.Sample -->
    </test> <!-- ChromeTest -->
  </suite> <!-- GroceryApplication -->
</testng-results>
