<?xml version="1.0" encoding="UTF-8"?>
<!-- Generated by org.testng.reporters.JUnitXMLReporter -->
<testsuite ignored="1" hostname="DESKTOP-NVEN0KO" failures="0" tests="1" name="ChromeTest" time="29.915" errors="0" timestamp="2025-05-05T08:13:02 IST">
  <testcase classname="testCase.LoginPageTest" name="verifyDashboardTextwhileLoginwithValidCredentials" time="8.828"/>
  <testcase classname="testCase.LoginPageTest" name="verifyErrorMessageWhileLoginWithInvalidCredentials" time="0.0">
    <ignored/>
  </testcase> <!-- verifyErrorMessageWhileLoginWithInvalidCredentials -->
</testsuite> <!-- ChromeTest -->
