<?xml version="1.0" encoding="UTF-8"?>
<!-- Generated by org.testng.reporters.JUnitXMLReporter -->
<testsuite ignored="0" hostname="DESKTOP-NVEN0KO" failures="0" tests="4" name="FirefoxTest" time="144.828" errors="0" timestamp="2025-05-05T08:14:55 IST">
  <testcase classname="testCase.ManageNewsTest" name="searchMessage" time="6.661"/>
  <testcase classname="testCase.ManageNewsTest" name="createMessage" time="3.729"/>
  <testcase classname="testCase.ManageNewsTest" name="updateMessage" time="5.876"/>
  <testcase classname="testCase.ManageNewsTest" name="deleteMessage" time="5.101"/>
</testsuite> <!-- FirefoxTest -->
