<?xml version="1.0" encoding="UTF-8"?>
<testng-results ignored="1" total="6" passed="5" failed="0" skipped="0">
  <reporter-output>
  </reporter-output>
  <suite started-at="2025-05-05T08:12:30 IST" name="GroceryApplication" finished-at="2025-05-05T08:14:55 IST" duration-ms="144828">
    <groups>
    </groups>
    <test started-at="2025-05-05T08:12:30 IST" name="ChromeTest" finished-at="2025-05-05T08:13:00 IST" duration-ms="29915">
      <class name="testCase.LoginPageTest">
        <test-method is-config="true" signature="beforeMethod(java.lang.String)[pri:0, instance:testCase.LoginPageTest@6e171cd7]" started-at="2025-05-05T08:12:31 IST" name="beforeMethod" finished-at="2025-05-05T08:12:50 IST" duration-ms="18655" status="PASS">
          <params>
            <param index="0">
              <value>
                <![CDATA[chrome]]>
              </value>
            </param>
          </params>
          <reporter-output>
          </reporter-output>
        </test-method> <!-- beforeMethod -->
        <test-method signature="verifyDashboardTextwhileLoginwithValidCredentials()[pri:0, instance:testCase.LoginPageTest@6e171cd7]" started-at="2025-05-05T08:12:50 IST" name="verifyDashboardTextwhileLoginwithValidCredentials" finished-at="2025-05-05T08:12:59 IST" duration-ms="8828" status="PASS">
          <reporter-output>
          </reporter-output>
        </test-method> <!-- verifyDashboardTextwhileLoginwithValidCredentials -->
        <test-method is-config="true" signature="afterMethod(org.testng.ITestResult)[pri:0, instance:testCase.LoginPageTest@6e171cd7]" started-at="2025-05-05T08:12:59 IST" name="afterMethod" finished-at="2025-05-05T08:13:00 IST" duration-ms="1430" status="PASS">
          <params>
            <param index="0">
              <value>
                <![CDATA[[TestResult name=verifyDashboardTextwhileLoginwithValidCredentials status=SUCCESS method=LoginPageTest.verifyDashboardTextwhileLoginwithValidCredentials()[pri:0, instance:testCase.LoginPageTest@6e171cd7] output={null}]]]>
              </value>
            </param>
          </params>
          <reporter-output>
          </reporter-output>
        </test-method> <!-- afterMethod -->
      </class> <!-- testCase.LoginPageTest -->
    </test> <!-- ChromeTest -->
    <test started-at="2025-05-05T08:12:30 IST" name="FirefoxTest" finished-at="2025-05-05T08:14:55 IST" duration-ms="144828">
      <class name="testCase.ManageNewsTest">
        <test-method is-config="true" signature="beforeMethod(java.lang.String)[pri:0, instance:testCase.ManageNewsTest@130d63be]" started-at="2025-05-05T08:12:31 IST" name="beforeMethod" finished-at="2025-05-05T08:13:46 IST" duration-ms="74837" status="PASS">
          <params>
            <param index="0">
              <value>
                <![CDATA[firefox]]>
              </value>
            </param>
          </params>
          <reporter-output>
          </reporter-output>
        </test-method> <!-- beforeMethod -->
        <test-method signature="searchMessage()[pri:0, instance:testCase.ManageNewsTest@130d63be]" started-at="2025-05-05T08:13:46 IST" name="searchMessage" finished-at="2025-05-05T08:13:53 IST" duration-ms="6661" status="PASS">
          <reporter-output>
          </reporter-output>
        </test-method> <!-- searchMessage -->
        <test-method is-config="true" signature="afterMethod(org.testng.ITestResult)[pri:0, instance:testCase.ManageNewsTest@130d63be]" started-at="2025-05-05T08:13:53 IST" name="afterMethod" finished-at="2025-05-05T08:13:55 IST" duration-ms="2259" status="PASS">
          <params>
            <param index="0">
              <value>
                <![CDATA[[TestResult name=searchMessage status=SUCCESS method=ManageNewsTest.searchMessage()[pri:0, instance:testCase.ManageNewsTest@130d63be] output={null}]]]>
              </value>
            </param>
          </params>
          <reporter-output>
          </reporter-output>
        </test-method> <!-- afterMethod -->
        <test-method is-config="true" signature="beforeMethod(java.lang.String)[pri:0, instance:testCase.ManageNewsTest@130d63be]" started-at="2025-05-05T08:13:55 IST" name="beforeMethod" finished-at="2025-05-05T08:14:06 IST" duration-ms="11244" status="PASS">
          <params>
            <param index="0">
              <value>
                <![CDATA[firefox]]>
              </value>
            </param>
          </params>
          <reporter-output>
          </reporter-output>
        </test-method> <!-- beforeMethod -->
        <test-method signature="createMessage()[pri:1, instance:testCase.ManageNewsTest@130d63be]" started-at="2025-05-05T08:14:06 IST" name="createMessage" finished-at="2025-05-05T08:14:10 IST" duration-ms="3729" status="PASS">
          <reporter-output>
          </reporter-output>
        </test-method> <!-- createMessage -->
        <test-method is-config="true" signature="afterMethod(org.testng.ITestResult)[pri:0, instance:testCase.ManageNewsTest@130d63be]" started-at="2025-05-05T08:14:10 IST" name="afterMethod" finished-at="2025-05-05T08:14:12 IST" duration-ms="2111" status="PASS">
          <params>
            <param index="0">
              <value>
                <![CDATA[[TestResult name=createMessage status=SUCCESS method=ManageNewsTest.createMessage()[pri:1, instance:testCase.ManageNewsTest@130d63be] output={null}]]]>
              </value>
            </param>
          </params>
          <reporter-output>
          </reporter-output>
        </test-method> <!-- afterMethod -->
        <test-method is-config="true" signature="beforeMethod(java.lang.String)[pri:0, instance:testCase.ManageNewsTest@130d63be]" started-at="2025-05-05T08:14:12 IST" name="beforeMethod" finished-at="2025-05-05T08:14:24 IST" duration-ms="11602" status="PASS">
          <params>
            <param index="0">
              <value>
                <![CDATA[firefox]]>
              </value>
            </param>
          </params>
          <reporter-output>
          </reporter-output>
        </test-method> <!-- beforeMethod -->
        <test-method signature="updateMessage()[pri:2, instance:testCase.ManageNewsTest@130d63be]" started-at="2025-05-05T08:14:24 IST" name="updateMessage" finished-at="2025-05-05T08:14:30 IST" duration-ms="5876" status="PASS">
          <reporter-output>
          </reporter-output>
        </test-method> <!-- updateMessage -->
        <test-method is-config="true" signature="afterMethod(org.testng.ITestResult)[pri:0, instance:testCase.ManageNewsTest@130d63be]" started-at="2025-05-05T08:14:30 IST" name="afterMethod" finished-at="2025-05-05T08:14:32 IST" duration-ms="2207" status="PASS">
          <params>
            <param index="0">
              <value>
                <![CDATA[[TestResult name=updateMessage status=SUCCESS method=ManageNewsTest.updateMessage()[pri:2, instance:testCase.ManageNewsTest@130d63be] output={null}]]]>
              </value>
            </param>
          </params>
          <reporter-output>
          </reporter-output>
        </test-method> <!-- afterMethod -->
        <test-method is-config="true" signature="beforeMethod(java.lang.String)[pri:0, instance:testCase.ManageNewsTest@130d63be]" started-at="2025-05-05T08:14:32 IST" name="beforeMethod" finished-at="2025-05-05T08:14:48 IST" duration-ms="15806" status="PASS">
          <params>
            <param index="0">
              <value>
                <![CDATA[firefox]]>
              </value>
            </param>
          </params>
          <reporter-output>
          </reporter-output>
        </test-method> <!-- beforeMethod -->
        <test-method signature="deleteMessage()[pri:3, instance:testCase.ManageNewsTest@130d63be]" started-at="2025-05-05T08:14:48 IST" name="deleteMessage" finished-at="2025-05-05T08:14:53 IST" duration-ms="5101" status="PASS">
          <reporter-output>
          </reporter-output>
        </test-method> <!-- deleteMessage -->
        <test-method is-config="true" signature="afterMethod(org.testng.ITestResult)[pri:0, instance:testCase.ManageNewsTest@130d63be]" started-at="2025-05-05T08:14:53 IST" name="afterMethod" finished-at="2025-05-05T08:14:55 IST" duration-ms="2401" status="PASS">
          <params>
            <param index="0">
              <value>
                <![CDATA[[TestResult name=deleteMessage status=SUCCESS method=ManageNewsTest.deleteMessage()[pri:3, instance:testCase.ManageNewsTest@130d63be] output={null}]]]>
              </value>
            </param>
          </params>
          <reporter-output>
          </reporter-output>
        </test-method> <!-- afterMethod -->
      </class> <!-- testCase.ManageNewsTest -->
    </test> <!-- FirefoxTest -->
  </suite> <!-- GroceryApplication -->
</testng-results>
